# JRE version: OpenJDK Runtime Environment (17.0.7) (build 17.0.7+0-b2043.56-10550314)
# Java VM: OpenJDK 64-Bit Server VM (17.0.7+0-b2043.56-10550314, mixed mode, tiered, compressed oops, compressed class ptrs, g1 gc, windows-amd64)
GC Precious Log:
 CPUs: 4 total, 4 available
 Memory: 16295M
 Large Page Support: Disabled
 NUMA Support: Disabled
 Compressed Oops: Enabled (32-bit)
 Heap Region Size: 1M
 Heap Min Capacity: 8M
 Heap Initial Capacity: 256M
 Heap Max Capacity: 2G
 Pre-touch: Disabled
 Parallel Workers: 4
 Concurrent Workers: 1
 Concurrent Refinement Workers: 4
 Periodic GC: Disabled
Heap:
 garbage-first heap   total 344064K, used 126873K [0x0000000080000000, 0x0000000100000000)
  region size 1024K, 24 young (24576K), 13 survivors (13312K)
 Metaspace       used 119872K, committed 120640K, reserved 1179648K
  class space    used 16094K, committed 16448K, reserved 1048576K
GC Heap History (20 events):
Event: 6.907 GC heap before
{Heap before GC invocations=18 (full 0):
 garbage-first heap   total 172032K, used 58604K [0x0000000080000000, 0x0000000100000000)
  region size 1024K, 8 young (8192K), 7 survivors (7168K)
 Metaspace       used 67632K, committed 68096K, reserved 1114112K
  class space    used 8945K, committed 9152K, reserved 1048576K
}
Event: 6.912 GC heap after
{Heap after GC invocations=19 (full 0):
 garbage-first heap   total 172032K, used 58759K [0x0000000080000000, 0x0000000100000000)
  region size 1024K, 1 young (1024K), 1 survivors (1024K)
 Metaspace       used 67632K, committed 68096K, reserved 1114112K
  class space    used 8945K, committed 9152K, reserved 1048576K
}
Event: 7.416 GC heap before
{Heap before GC invocations=19 (full 0):
 garbage-first heap   total 172032K, used 132487K [0x0000000080000000, 0x0000000100000000)
  region size 1024K, 73 young (74752K), 1 survivors (1024K)
 Metaspace       used 70956K, committed 71488K, reserved 1114112K
  class space    used 9387K, committed 9664K, reserved 1048576K
}
Event: 7.421 GC heap after
{Heap after GC invocations=20 (full 0):
 garbage-first heap   total 172032K, used 63028K [0x0000000080000000, 0x0000000100000000)
  region size 1024K, 6 young (6144K), 6 survivors (6144K)
 Metaspace       used 70956K, committed 71488K, reserved 1114112K
  class space    used 9387K, committed 9664K, reserved 1048576K
}
Event: 8.032 GC heap before
{Heap before GC invocations=21 (full 0):
 garbage-first heap   total 172032K, used 134708K [0x0000000080000000, 0x0000000100000000)
  region size 1024K, 75 young (76800K), 6 survivors (6144K)
 Metaspace       used 76372K, committed 76992K, reserved 1179648K
  class space    used 10334K, committed 10624K, reserved 1048576K
}
Event: 8.039 GC heap after
{Heap after GC invocations=22 (full 0):
 garbage-first heap   total 172032K, used 66042K [0x0000000080000000, 0x0000000100000000)
  region size 1024K, 3 young (3072K), 3 survivors (3072K)
 Metaspace       used 76372K, committed 76992K, reserved 1179648K
  class space    used 10334K, committed 10624K, reserved 1048576K
}
Event: 8.740 GC heap before
{Heap before GC invocations=22 (full 0):
 garbage-first heap   total 172032K, used 137722K [0x0000000080000000, 0x0000000100000000)
  region size 1024K, 73 young (74752K), 3 survivors (3072K)
 Metaspace       used 82209K, committed 82752K, reserved 1179648K
  class space    used 11237K, committed 11520K, reserved 1048576K
}
Event: 8.746 GC heap after
{Heap after GC invocations=23 (full 0):
 garbage-first heap   total 172032K, used 69416K [0x0000000080000000, 0x0000000100000000)
  region size 1024K, 7 young (7168K), 7 survivors (7168K)
 Metaspace       used 82209K, committed 82752K, reserved 1179648K
  class space    used 11237K, committed 11520K, reserved 1048576K
}
Event: 9.253 GC heap before
{Heap before GC invocations=23 (full 0):
 garbage-first heap   total 172032K, used 139048K [0x0000000080000000, 0x0000000100000000)
  region size 1024K, 75 young (76800K), 7 survivors (7168K)
 Metaspace       used 85488K, committed 86144K, reserved 1179648K
  class space    used 11663K, committed 11968K, reserved 1048576K
}
Event: 9.264 GC heap after
{Heap after GC invocations=24 (full 0):
 garbage-first heap   total 172032K, used 77434K [0x0000000080000000, 0x0000000100000000)
  region size 1024K, 10 young (10240K), 10 survivors (10240K)
 Metaspace       used 85488K, committed 86144K, reserved 1179648K
  class space    used 11663K, committed 11968K, reserved 1048576K
}
Event: 10.068 GC heap before
{Heap before GC invocations=24 (full 0):
 garbage-first heap   total 172032K, used 142970K [0x0000000080000000, 0x0000000100000000)
  region size 1024K, 70 young (71680K), 10 survivors (10240K)
 Metaspace       used 89607K, committed 90240K, reserved 1179648K
  class space    used 12210K, committed 12480K, reserved 1048576K
}
Event: 10.084 GC heap after
{Heap after GC invocations=25 (full 0):
 garbage-first heap   total 344064K, used 86247K [0x0000000080000000, 0x0000000100000000)
  region size 1024K, 9 young (9216K), 9 survivors (9216K)
 Metaspace       used 89607K, committed 90240K, reserved 1179648K
  class space    used 12210K, committed 12480K, reserved 1048576K
}
Event: 12.101 GC heap before
{Heap before GC invocations=25 (full 0):
 garbage-first heap   total 344064K, used 276711K [0x0000000080000000, 0x0000000100000000)
  region size 1024K, 177 young (181248K), 9 survivors (9216K)
 Metaspace       used 96136K, committed 96832K, reserved 1179648K
  class space    used 12984K, committed 13312K, reserved 1048576K
}
Event: 12.115 GC heap after
{Heap after GC invocations=26 (full 0):
 garbage-first heap   total 344064K, used 92335K [0x0000000080000000, 0x0000000100000000)
  region size 1024K, 15 young (15360K), 15 survivors (15360K)
 Metaspace       used 96136K, committed 96832K, reserved 1179648K
  class space    used 12984K, committed 13312K, reserved 1048576K
}
Event: 14.410 GC heap before
{Heap before GC invocations=26 (full 0):
 garbage-first heap   total 344064K, used 265391K [0x0000000080000000, 0x0000000100000000)
  region size 1024K, 185 young (189440K), 15 survivors (15360K)
 Metaspace       used 102000K, committed 102720K, reserved 1179648K
  class space    used 13708K, committed 14016K, reserved 1048576K
}
Event: 14.434 GC heap after
{Heap after GC invocations=27 (full 0):
 garbage-first heap   total 344064K, used 104871K [0x0000000080000000, 0x0000000100000000)
  region size 1024K, 19 young (19456K), 19 survivors (19456K)
 Metaspace       used 102000K, committed 102720K, reserved 1179648K
  class space    used 13708K, committed 14016K, reserved 1048576K
}
Event: 16.042 GC heap before
{Heap before GC invocations=27 (full 0):
 garbage-first heap   total 344064K, used 273831K [0x0000000080000000, 0x0000000100000000)
  region size 1024K, 181 young (185344K), 19 survivors (19456K)
 Metaspace       used 114871K, committed 115712K, reserved 1179648K
  class space    used 15393K, committed 15808K, reserved 1048576K
}
Event: 16.059 GC heap after
{Heap after GC invocations=28 (full 0):
 garbage-first heap   total 344064K, used 113959K [0x0000000080000000, 0x0000000100000000)
  region size 1024K, 19 young (19456K), 19 survivors (19456K)
 Metaspace       used 114871K, committed 115712K, reserved 1179648K
  class space    used 15393K, committed 15808K, reserved 1048576K
}
Event: 16.332 GC heap before
{Heap before GC invocations=28 (full 0):
 garbage-first heap   total 344064K, used 155943K [0x0000000080000000, 0x0000000100000000)
  region size 1024K, 62 young (63488K), 19 survivors (19456K)
 Metaspace       used 119249K, committed 120000K, reserved 1179648K
  class space    used 16006K, committed 16384K, reserved 1048576K
}
Event: 16.351 GC heap after
{Heap after GC invocations=29 (full 0):
 garbage-first heap   total 344064K, used 117657K [0x0000000080000000, 0x0000000100000000)
  region size 1024K, 13 young (13312K), 13 survivors (13312K)
 Metaspace       used 119249K, committed 120000K, reserved 1179648K
  class space    used 16006K, committed 16384K, reserved 1048576K
}

